This file contains any messages produced by compilers while
running configure, to aid debugging if configure makes a mistake.

It was created by nfc-eventd configure 0.1.7, which was
generated by GNU Autoconf 2.69.  Invocation command line was

  $ ./configure 

## --------- ##
## Platform. ##
## --------- ##

hostname = anna.pc.lf
uname -m = x86_64
uname -r = 18.0.0
uname -s = Darwin
uname -v = Darwin Kernel Version 18.0.0: Wed Aug 22 20:13:40 PDT 2018; root:xnu-4903.201.2~1/RELEASE_X86_64

/usr/bin/uname -p = i386
/bin/uname -X     = unknown

/bin/arch              = unknown
/usr/bin/arch -k       = unknown
/usr/convex/getsysinfo = unknown
/usr/bin/hostinfo      = Mach kernel version:
	 Darwin Kernel Version 18.0.0: Wed Aug 22 20:13:40 PDT 2018; root:xnu-4903.201.2~1/RELEASE_X86_64
Kernel configured for up to 8 processors.
4 processors are physically available.
8 processors are logically available.
Processor type: x86_64h (Intel x86-64h Haswell)
Processors active: 0 1 2 3 4 5 6 7
Primary memory available: 16.00 gigabytes
Default processor set: 405 tasks, 1823 threads, 8 processors
Load average: 1.34, Mach factor: 6.64
/bin/machine           = unknown
/usr/bin/oslevel       = unknown
/bin/universe          = unknown

PATH: /usr/local/bin
PATH: /usr/bin
PATH: /bin
PATH: /usr/sbin
PATH: /sbin
PATH: /usr/local/go/bin
PATH: /usr/local/share/dotnet
PATH: ~/.dotnet/tools
PATH: /Library/Frameworks/Mono.framework/Versions/Current/Commands
PATH: ~/go/bin


## ----------- ##
## Core tests. ##
## ----------- ##

configure:2490: checking for a BSD-compatible install
configure:2558: result: /usr/bin/install -c
configure:2569: checking whether build environment is sane
configure:2624: result: yes
configure:2775: checking for a thread-safe mkdir -p
configure:2814: result: ./install-sh -c -d
configure:2821: checking for gawk
configure:2851: result: no
configure:2821: checking for mawk
configure:2851: result: no
configure:2821: checking for nawk
configure:2851: result: no
configure:2821: checking for awk
configure:2837: found /usr/bin/awk
configure:2848: result: awk
configure:2859: checking whether make sets $(MAKE)
configure:2881: result: yes
configure:2910: checking whether make supports nested variables
configure:2927: result: yes
configure:3064: checking whether make supports nested variables
configure:3081: result: yes
configure:3151: checking for gcc
configure:3167: found /usr/bin/gcc
configure:3178: result: gcc
configure:3407: checking for C compiler version
configure:3416: gcc --version >&5
Apple LLVM version 10.0.0 (clang-1000.10.44.2)
Target: x86_64-apple-darwin18.0.0
Thread model: posix
InstalledDir: /Library/Developer/CommandLineTools/usr/bin
Configured with: --prefix=/Library/Developer/CommandLineTools/usr --with-gxx-include-dir=/Library/Developer/CommandLineTools/SDKs/MacOSX10.14.sdk/usr/include/c++/4.2.1
configure:3427: $? = 0
configure:3416: gcc -v >&5
Configured with: --prefix=/Library/Developer/CommandLineTools/usr --with-gxx-include-dir=/Library/Developer/CommandLineTools/SDKs/MacOSX10.14.sdk/usr/include/c++/4.2.1
Apple LLVM version 10.0.0 (clang-1000.10.44.2)
Target: x86_64-apple-darwin18.0.0
Thread model: posix
InstalledDir: /Library/Developer/CommandLineTools/usr/bin
configure:3427: $? = 0
configure:3416: gcc -V >&5
clang: error: argument to '-V' is missing (expected 1 value)
clang: error: no input files
configure:3427: $? = 1
configure:3416: gcc -qversion >&5
clang: error: unknown argument: '-qversion'
clang: error: no input files
configure:3427: $? = 1
configure:3447: checking whether the C compiler works
configure:3469: gcc    conftest.c  >&5
configure:3473: $? = 0
configure:3521: result: yes
configure:3524: checking for C compiler default output file name
configure:3526: result: a.out
configure:3532: checking for suffix of executables
configure:3539: gcc -o conftest    conftest.c  >&5
configure:3543: $? = 0
configure:3565: result: 
configure:3587: checking whether we are cross compiling
configure:3595: gcc -o conftest    conftest.c  >&5
configure:3599: $? = 0
configure:3606: ./conftest
configure:3610: $? = 0
configure:3625: result: no
configure:3630: checking for suffix of object files
configure:3652: gcc -c   conftest.c >&5
configure:3656: $? = 0
configure:3677: result: o
configure:3681: checking whether we are using the GNU C compiler
configure:3700: gcc -c   conftest.c >&5
configure:3700: $? = 0
configure:3709: result: yes
configure:3718: checking whether gcc accepts -g
configure:3738: gcc -c -g  conftest.c >&5
configure:3738: $? = 0
configure:3779: result: yes
configure:3796: checking for gcc option to accept ISO C89
configure:3859: gcc  -c -g -O2  conftest.c >&5
configure:3859: $? = 0
configure:3872: result: none needed
configure:3897: checking whether gcc understands -c and -o together
configure:3919: gcc -c conftest.c -o conftest2.o
configure:3922: $? = 0
configure:3919: gcc -c conftest.c -o conftest2.o
configure:3922: $? = 0
configure:3934: result: yes
configure:3954: checking whether make supports the include directive
configure:3969: make -f confmf.GNU && cat confinc.out
this is the am__doit target
configure:3972: $? = 0
configure:3991: result: yes (GNU style)
configure:4016: checking dependency style of gcc
configure:4127: result: gcc3
configure:4142: checking whether make sets $(MAKE)
configure:4164: result: yes
configure:4202: checking build system type
configure:4216: result: x86_64-apple-darwin18.0.0
configure:4236: checking host system type
configure:4249: result: x86_64-apple-darwin18.0.0
configure:4290: checking how to print strings
configure:4317: result: printf
configure:4338: checking for a sed that does not truncate output
configure:4402: result: /usr/bin/sed
configure:4420: checking for grep that handles long lines and -e
configure:4478: result: /usr/bin/grep
configure:4483: checking for egrep
configure:4545: result: /usr/bin/grep -E
configure:4550: checking for fgrep
configure:4612: result: /usr/bin/grep -F
configure:4647: checking for ld used by gcc
configure:4714: result: /Library/Developer/CommandLineTools/usr/bin/ld
configure:4721: checking if the linker (/Library/Developer/CommandLineTools/usr/bin/ld) is GNU ld
configure:4736: result: no
configure:4748: checking for BSD- or MS-compatible name lister (nm)
configure:4802: result: /usr/bin/nm -B
configure:4932: checking the name lister (/usr/bin/nm -B) interface
configure:4939: gcc -c -g -O2  conftest.c >&5
configure:4942: /usr/bin/nm -B "conftest.o"
configure:4945: output
00000000000001d8 S _some_variable
configure:4952: result: BSD nm
configure:4955: checking whether ln -s works
configure:4959: result: yes
configure:4967: checking the maximum length of command line arguments
configure:5098: result: 196608
configure:5146: checking how to convert x86_64-apple-darwin18.0.0 file names to x86_64-apple-darwin18.0.0 format
configure:5186: result: func_convert_file_noop
configure:5193: checking how to convert x86_64-apple-darwin18.0.0 file names to toolchain format
configure:5213: result: func_convert_file_noop
configure:5220: checking for /Library/Developer/CommandLineTools/usr/bin/ld option to reload object files
configure:5227: result: -r
configure:5301: checking for objdump
configure:5317: found /usr/bin/objdump
configure:5328: result: objdump
configure:5360: checking how to recognize dependent libraries
configure:5560: result: pass_all
configure:5645: checking for dlltool
configure:5675: result: no
configure:5705: checking how to associate runtime and link libraries
configure:5732: result: printf %s\n
configure:5793: checking for ar
configure:5809: found /usr/bin/ar
configure:5820: result: ar
configure:5857: checking for archiver @FILE support
configure:5874: gcc -c -g -O2  conftest.c >&5
configure:5874: $? = 0
configure:5877: ar cru libconftest.a @conftest.lst >&5
ar: @conftest.lst: No such file or directory
configure:5880: $? = 1
configure:5900: result: no
configure:5958: checking for strip
configure:5974: found /usr/bin/strip
configure:5985: result: strip
configure:6057: checking for ranlib
configure:6073: found /usr/bin/ranlib
configure:6084: result: ranlib
configure:6186: checking command to parse /usr/bin/nm -B output from gcc object
configure:6339: gcc -c -g -O2  conftest.c >&5
configure:6342: $? = 0
configure:6346: /usr/bin/nm -B conftest.o \| sed -n -e 's/^.*[ ]\([BCDEGRST][BCDEGRST]*\)[ ][ ]*\([_A-Za-z][_A-Za-z0-9]*\)$/\1 \2 \2/p' | sed '/ __gnu_lto/d' \> conftest.nm
configure:6349: $? = 0
cannot find nm_test_var in conftest.nm
configure:6339: gcc -c -g -O2  conftest.c >&5
configure:6342: $? = 0
configure:6346: /usr/bin/nm -B conftest.o \| sed -n -e 's/^.*[ ]\([BCDEGRST][BCDEGRST]*\)[ ][ ]*_\([_A-Za-z][_A-Za-z0-9]*\)$/\1 _\2 \2/p' | sed '/ __gnu_lto/d' \> conftest.nm
configure:6349: $? = 0
configure:6415: gcc -o conftest -g -O2   conftest.c conftstm.o >&5
warning: (x86_64)  could not find object file symbol for symbol _main
configure:6418: $? = 0
configure:6456: result: ok
configure:6503: checking for sysroot
configure:6533: result: no
configure:6540: checking for a working dd
configure:6578: result: /bin/dd
configure:6582: checking how to truncate binary pipes
configure:6597: result: /bin/dd bs=4096 count=1
configure:6926: checking for mt
configure:6956: result: no
configure:6976: checking if : is a manifest tool
configure:6982: : '-?'
configure:6990: result: no
configure:7046: checking for dsymutil
configure:7062: found /usr/bin/dsymutil
configure:7073: result: dsymutil
configure:7138: checking for nmedit
configure:7154: found /usr/bin/nmedit
configure:7165: result: nmedit
configure:7230: checking for lipo
configure:7246: found /usr/bin/lipo
configure:7257: result: lipo
configure:7322: checking for otool
configure:7338: found /usr/bin/otool
configure:7349: result: otool
configure:7414: checking for otool64
configure:7444: result: no
configure:7489: checking for -single_module linker flag
gcc -g -O2  -o libconftest.dylib -dynamiclib -Wl,-single_module conftest.c
configure:7522: result: yes
configure:7525: checking for -exported_symbols_list linker flag
configure:7545: gcc -o conftest -g -O2   -Wl,-exported_symbols_list,conftest.sym conftest.c  >&5
configure:7545: $? = 0
configure:7555: result: yes
configure:7558: checking for -force_load linker flag
gcc -g -O2 -c -o conftest.o conftest.c
ar cru libconftest.a conftest.o
ranlib libconftest.a
gcc -g -O2  -o conftest conftest.c -Wl,-force_load,./libconftest.a
configure:7590: result: yes
configure:7667: checking how to run the C preprocessor
configure:7698: gcc -E  conftest.c
configure:7698: $? = 0
configure:7712: gcc -E  conftest.c
conftest.c:13:10: fatal error: 'ac_nonexistent.h' file not found
#include <ac_nonexistent.h>
         ^~~~~~~~~~~~~~~~~~
1 error generated.
configure:7712: $? = 1
configure: failed program was:
| /* confdefs.h */
| #define PACKAGE_NAME "nfc-eventd"
| #define PACKAGE_TARNAME "nfc-eventd"
| #define PACKAGE_VERSION "0.1.7"
| #define PACKAGE_STRING "nfc-eventd 0.1.7"
| #define PACKAGE_BUGREPORT "romuald@libnfc.org"
| #define PACKAGE_URL ""
| #define SVN_REVISION ""
| #define PACKAGE "nfc-eventd"
| #define VERSION "0.1.7"
| #define _BSD_SOURCE 1
| /* end confdefs.h.  */
| #include <ac_nonexistent.h>
configure:7737: result: gcc -E
configure:7757: gcc -E  conftest.c
configure:7757: $? = 0
configure:7771: gcc -E  conftest.c
conftest.c:13:10: fatal error: 'ac_nonexistent.h' file not found
#include <ac_nonexistent.h>
         ^~~~~~~~~~~~~~~~~~
1 error generated.
configure:7771: $? = 1
configure: failed program was:
| /* confdefs.h */
| #define PACKAGE_NAME "nfc-eventd"
| #define PACKAGE_TARNAME "nfc-eventd"
| #define PACKAGE_VERSION "0.1.7"
| #define PACKAGE_STRING "nfc-eventd 0.1.7"
| #define PACKAGE_BUGREPORT "romuald@libnfc.org"
| #define PACKAGE_URL ""
| #define SVN_REVISION ""
| #define PACKAGE "nfc-eventd"
| #define VERSION "0.1.7"
| #define _BSD_SOURCE 1
| /* end confdefs.h.  */
| #include <ac_nonexistent.h>
configure:7800: checking for ANSI C header files
configure:7820: gcc -c -g -O2  conftest.c >&5
configure:7820: $? = 0
configure:7893: gcc -o conftest -g -O2   conftest.c  >&5
configure:7893: $? = 0
configure:7893: ./conftest
configure:7893: $? = 0
configure:7904: result: yes
configure:7917: checking for sys/types.h
configure:7917: gcc -c -g -O2  conftest.c >&5
configure:7917: $? = 0
configure:7917: result: yes
configure:7917: checking for sys/stat.h
configure:7917: gcc -c -g -O2  conftest.c >&5
configure:7917: $? = 0
configure:7917: result: yes
configure:7917: checking for stdlib.h
configure:7917: gcc -c -g -O2  conftest.c >&5
configure:7917: $? = 0
configure:7917: result: yes
configure:7917: checking for string.h
configure:7917: gcc -c -g -O2  conftest.c >&5
configure:7917: $? = 0
configure:7917: result: yes
configure:7917: checking for memory.h
configure:7917: gcc -c -g -O2  conftest.c >&5
configure:7917: $? = 0
configure:7917: result: yes
configure:7917: checking for strings.h
configure:7917: gcc -c -g -O2  conftest.c >&5
configure:7917: $? = 0
configure:7917: result: yes
configure:7917: checking for inttypes.h
configure:7917: gcc -c -g -O2  conftest.c >&5
configure:7917: $? = 0
configure:7917: result: yes
configure:7917: checking for stdint.h
configure:7917: gcc -c -g -O2  conftest.c >&5
configure:7917: $? = 0
configure:7917: result: yes
configure:7917: checking for unistd.h
configure:7917: gcc -c -g -O2  conftest.c >&5
configure:7917: $? = 0
configure:7917: result: yes
configure:7931: checking for dlfcn.h
configure:7931: gcc -c -g -O2  conftest.c >&5
configure:7931: $? = 0
configure:7931: result: yes
configure:8187: checking for objdir
configure:8202: result: .libs
configure:8466: checking if gcc supports -fno-rtti -fno-exceptions
configure:8484: gcc -c -g -O2  -fno-rtti -fno-exceptions conftest.c >&5
configure:8488: $? = 0
configure:8501: result: yes
configure:8859: checking for gcc option to produce PIC
configure:8866: result: -fno-common -DPIC
configure:8874: checking if gcc PIC flag -fno-common -DPIC works
configure:8892: gcc -c -g -O2  -fno-common -DPIC -DPIC conftest.c >&5
configure:8896: $? = 0
configure:8909: result: yes
configure:8938: checking if gcc static flag -static works
configure:8966: result: no
configure:8981: checking if gcc supports -c -o file.o
configure:9002: gcc -c -g -O2  -o out/conftest2.o conftest.c >&5
configure:9006: $? = 0
configure:9028: result: yes
configure:9036: checking if gcc supports -c -o file.o
configure:9083: result: yes
configure:9116: checking whether the gcc linker (/Library/Developer/CommandLineTools/usr/bin/ld) supports shared libraries
configure:10375: result: yes
configure:10615: checking dynamic linker characteristics
configure:11433: result: darwin18.0.0 dyld
configure:11555: checking how to hardcode library paths into programs
configure:11580: result: immediate
configure:12128: checking whether stripping libraries is possible
configure:12142: result: yes
configure:12168: checking if libtool supports shared libraries
configure:12170: result: yes
configure:12173: checking whether to build shared libraries
configure:12198: result: yes
configure:12201: checking whether to build static libraries
configure:12205: result: yes
configure:12245: checking for pkg-config
configure:12263: found /usr/local/bin/pkg-config
configure:12276: result: /usr/local/bin/pkg-config
configure:12286: checking for ANSI C header files
configure:12390: result: yes
configure:12398: checking for stdbool.h that conforms to C99
configure:12465: gcc -c -g -O2  conftest.c >&5
conftest.c:75:24: warning: address of 's' will always evaluate to 'true' [-Wpointer-bool-conversion]
             bool e = &s;
                  ~    ^
conftest.c:79:23: warning: address of array 'a' will always evaluate to 'true' [-Wpointer-bool-conversion]
             return (!a + !b + !c + !d + !e + !f + !g + !h + !i + !!j + !k + !!l
                     ~^
conftest.c:79:28: warning: address of array 'b' will always evaluate to 'true' [-Wpointer-bool-conversion]
             return (!a + !b + !c + !d + !e + !f + !g + !h + !i + !!j + !k + !!l
                          ~^
conftest.c:79:33: warning: address of array 'c' will always evaluate to 'true' [-Wpointer-bool-conversion]
             return (!a + !b + !c + !d + !e + !f + !g + !h + !i + !!j + !k + !!l
                               ~^
conftest.c:79:38: warning: address of array 'd' will always evaluate to 'true' [-Wpointer-bool-conversion]
             return (!a + !b + !c + !d + !e + !f + !g + !h + !i + !!j + !k + !!l
                                    ~^
conftest.c:79:48: warning: address of array 'f' will always evaluate to 'true' [-Wpointer-bool-conversion]
             return (!a + !b + !c + !d + !e + !f + !g + !h + !i + !!j + !k + !!l
                                              ~^
conftest.c:79:53: warning: address of array 'g' will always evaluate to 'true' [-Wpointer-bool-conversion]
             return (!a + !b + !c + !d + !e + !f + !g + !h + !i + !!j + !k + !!l
                                                   ~^
conftest.c:79:58: warning: address of array 'h' will always evaluate to 'true' [-Wpointer-bool-conversion]
             return (!a + !b + !c + !d + !e + !f + !g + !h + !i + !!j + !k + !!l
                                                        ~^
conftest.c:79:63: warning: address of array 'i' will always evaluate to 'true' [-Wpointer-bool-conversion]
             return (!a + !b + !c + !d + !e + !f + !g + !h + !i + !!j + !k + !!l
                                                             ~^
conftest.c:80:30: warning: address of array 'n' will always evaluate to 'true' [-Wpointer-bool-conversion]
                            ~^
conftest.c:80:35: warning: address of array 'o' will always evaluate to 'true' [-Wpointer-bool-conversion]
                                 ~^
conftest.c:80:40: warning: address of array 'p' will always evaluate to 'true' [-Wpointer-bool-conversion]
                                      ~^
12 warnings generated.
configure:12465: $? = 0
configure:12472: result: yes
configure:12474: checking for _Bool
configure:12474: gcc -c -g -O2  conftest.c >&5
configure:12474: $? = 0
configure:12474: gcc -c -g -O2  conftest.c >&5
conftest.c:62:20: error: expected expression
if (sizeof ((_Bool)))
                   ^
1 error generated.
configure:12474: $? = 1
configure: failed program was:
| /* confdefs.h */
| #define PACKAGE_NAME "nfc-eventd"
| #define PACKAGE_TARNAME "nfc-eventd"
| #define PACKAGE_VERSION "0.1.7"
| #define PACKAGE_STRING "nfc-eventd 0.1.7"
| #define PACKAGE_BUGREPORT "romuald@libnfc.org"
| #define PACKAGE_URL ""
| #define SVN_REVISION ""
| #define PACKAGE "nfc-eventd"
| #define VERSION "0.1.7"
| #define _BSD_SOURCE 1
| #define STDC_HEADERS 1
| #define HAVE_SYS_TYPES_H 1
| #define HAVE_SYS_STAT_H 1
| #define HAVE_STDLIB_H 1
| #define HAVE_STRING_H 1
| #define HAVE_MEMORY_H 1
| #define HAVE_STRINGS_H 1
| #define HAVE_INTTYPES_H 1
| #define HAVE_STDINT_H 1
| #define HAVE_UNISTD_H 1
| #define HAVE_DLFCN_H 1
| #define LT_OBJDIR ".libs/"
| #define STDC_HEADERS 1
| /* end confdefs.h.  */
| #include <stdio.h>
| #ifdef HAVE_SYS_TYPES_H
| # include <sys/types.h>
| #endif
| #ifdef HAVE_SYS_STAT_H
| # include <sys/stat.h>
| #endif
| #ifdef STDC_HEADERS
| # include <stdlib.h>
| # include <stddef.h>
| #else
| # ifdef HAVE_STDLIB_H
| #  include <stdlib.h>
| # endif
| #endif
| #ifdef HAVE_STRING_H
| # if !defined STDC_HEADERS && defined HAVE_MEMORY_H
| #  include <memory.h>
| # endif
| # include <string.h>
| #endif
| #ifdef HAVE_STRINGS_H
| # include <strings.h>
| #endif
| #ifdef HAVE_INTTYPES_H
| # include <inttypes.h>
| #endif
| #ifdef HAVE_STDINT_H
| # include <stdint.h>
| #endif
| #ifdef HAVE_UNISTD_H
| # include <unistd.h>
| #endif
| int
| main ()
| {
| if (sizeof ((_Bool)))
| 	    return 0;
|   ;
|   return 0;
| }
configure:12474: result: yes
configure:12494: checking stdio.h usability
configure:12494: gcc -c -g -O2  conftest.c >&5
configure:12494: $? = 0
configure:12494: result: yes
configure:12494: checking stdio.h presence
configure:12494: gcc -E  conftest.c
configure:12494: $? = 0
configure:12494: result: yes
configure:12494: checking for stdio.h
configure:12494: result: yes
configure:12494: checking for stdlib.h
configure:12494: result: yes
configure:12494: checking for stdint.h
configure:12494: result: yes
configure:12494: checking stddef.h usability
configure:12494: gcc -c -g -O2  conftest.c >&5
configure:12494: $? = 0
configure:12494: result: yes
configure:12494: checking stddef.h presence
configure:12494: gcc -E  conftest.c
configure:12494: $? = 0
configure:12494: result: yes
configure:12494: checking for stddef.h
configure:12494: result: yes
configure:12494: checking for stdbool.h
configure:12494: result: yes
configure:12506: checking for memset
configure:12506: gcc -o conftest -g -O2   conftest.c  >&5
conftest.c:56:6: warning: incompatible redeclaration of library function 'memset' [-Wincompatible-library-redeclaration]
char memset ();
     ^
conftest.c:56:6: note: 'memset' is a builtin with type 'void *(void *, int, unsigned long)'
1 warning generated.
configure:12506: $? = 0
configure:12506: result: yes
configure:12517: checking for strcasecmp
configure:12517: gcc -o conftest -g -O2   conftest.c  >&5
conftest.c:57:6: warning: incompatible redeclaration of library function 'strcasecmp' [-Wincompatible-library-redeclaration]
char strcasecmp ();
     ^
conftest.c:57:6: note: 'strcasecmp' is a builtin with type 'int (const char *, const char *)'
1 warning generated.
configure:12517: $? = 0
configure:12517: result: yes
configure:12528: checking for strchr
configure:12528: gcc -o conftest -g -O2   conftest.c  >&5
conftest.c:58:6: warning: incompatible redeclaration of library function 'strchr' [-Wincompatible-library-redeclaration]
char strchr ();
     ^
conftest.c:58:6: note: 'strchr' is a builtin with type 'char *(const char *, int)'
1 warning generated.
configure:12528: $? = 0
configure:12528: result: yes
configure:12539: checking for strdup
configure:12539: gcc -o conftest -g -O2   conftest.c  >&5
conftest.c:59:6: warning: incompatible redeclaration of library function 'strdup' [-Wincompatible-library-redeclaration]
char strdup ();
     ^
conftest.c:59:6: note: 'strdup' is a builtin with type 'char *(const char *)'
1 warning generated.
configure:12539: $? = 0
configure:12539: result: yes
configure:12552: checking for strerror
configure:12552: gcc -o conftest -g -O2   conftest.c  >&5
conftest.c:61:6: warning: incompatible redeclaration of library function 'strerror' [-Wincompatible-library-redeclaration]
char strerror ();
     ^
conftest.c:61:6: note: 'strerror' is a builtin with type 'char *(int)'
1 warning generated.
configure:12552: $? = 0
configure:12552: result: yes
configure:12563: checking for strstr
configure:12563: gcc -o conftest -g -O2   conftest.c  >&5
conftest.c:62:6: warning: incompatible redeclaration of library function 'strstr' [-Wincompatible-library-redeclaration]
char strstr ();
     ^
conftest.c:62:6: note: 'strstr' is a builtin with type 'char *(const char *, const char *)'
1 warning generated.
configure:12563: $? = 0
configure:12563: result: yes
configure:12574: checking for strtol
configure:12574: gcc -o conftest -g -O2   conftest.c  >&5
configure:12574: $? = 0
configure:12574: result: yes
configure:12585: checking syslog.h usability
configure:12585: gcc -c -g -O2  conftest.c >&5
configure:12585: $? = 0
configure:12585: result: yes
configure:12585: checking syslog.h presence
configure:12585: gcc -E  conftest.c
configure:12585: $? = 0
configure:12585: result: yes
configure:12585: checking for syslog.h
configure:12585: result: yes
configure:12595: checking for an ANSI C-conforming const
configure:12661: gcc -c -g -O2  conftest.c >&5
configure:12661: $? = 0
configure:12668: result: yes
configure:12676: checking for pid_t
configure:12676: gcc -c -g -O2  conftest.c >&5
configure:12676: $? = 0
configure:12676: gcc -c -g -O2  conftest.c >&5
conftest.c:78:20: error: expected expression
if (sizeof ((pid_t)))
                   ^
1 error generated.
configure:12676: $? = 1
configure: failed program was:
| /* confdefs.h */
| #define PACKAGE_NAME "nfc-eventd"
| #define PACKAGE_TARNAME "nfc-eventd"
| #define PACKAGE_VERSION "0.1.7"
| #define PACKAGE_STRING "nfc-eventd 0.1.7"
| #define PACKAGE_BUGREPORT "romuald@libnfc.org"
| #define PACKAGE_URL ""
| #define SVN_REVISION ""
| #define PACKAGE "nfc-eventd"
| #define VERSION "0.1.7"
| #define _BSD_SOURCE 1
| #define STDC_HEADERS 1
| #define HAVE_SYS_TYPES_H 1
| #define HAVE_SYS_STAT_H 1
| #define HAVE_STDLIB_H 1
| #define HAVE_STRING_H 1
| #define HAVE_MEMORY_H 1
| #define HAVE_STRINGS_H 1
| #define HAVE_INTTYPES_H 1
| #define HAVE_STDINT_H 1
| #define HAVE_UNISTD_H 1
| #define HAVE_DLFCN_H 1
| #define LT_OBJDIR ".libs/"
| #define STDC_HEADERS 1
| #define HAVE__BOOL 1
| #define HAVE_STDBOOL_H 1
| #define HAVE_STDIO_H 1
| #define HAVE_STDLIB_H 1
| #define HAVE_STDINT_H 1
| #define HAVE_STDDEF_H 1
| #define HAVE_STDBOOL_H 1
| #define HAVE_MEMSET 1
| #define HAVE_STRCASECMP 1
| #define HAVE_STRCHR 1
| #define HAVE_STRDUP 1
| #define _XOPEN_SOURCE 600
| #define HAVE_STRERROR 1
| #define HAVE_STRSTR 1
| #define HAVE_STRTOL 1
| #define HAVE_SYSLOG_H 1
| /* end confdefs.h.  */
| #include <stdio.h>
| #ifdef HAVE_SYS_TYPES_H
| # include <sys/types.h>
| #endif
| #ifdef HAVE_SYS_STAT_H
| # include <sys/stat.h>
| #endif
| #ifdef STDC_HEADERS
| # include <stdlib.h>
| # include <stddef.h>
| #else
| # ifdef HAVE_STDLIB_H
| #  include <stdlib.h>
| # endif
| #endif
| #ifdef HAVE_STRING_H
| # if !defined STDC_HEADERS && defined HAVE_MEMORY_H
| #  include <memory.h>
| # endif
| # include <string.h>
| #endif
| #ifdef HAVE_STRINGS_H
| # include <strings.h>
| #endif
| #ifdef HAVE_INTTYPES_H
| # include <inttypes.h>
| #endif
| #ifdef HAVE_STDINT_H
| # include <stdint.h>
| #endif
| #ifdef HAVE_UNISTD_H
| # include <unistd.h>
| #endif
| int
| main ()
| {
| if (sizeof ((pid_t)))
| 	    return 0;
|   ;
|   return 0;
| }
configure:12676: result: yes
configure:12689: checking vfork.h usability
configure:12689: gcc -c -g -O2  conftest.c >&5
conftest.c:75:10: fatal error: 'vfork.h' file not found
#include <vfork.h>
         ^~~~~~~~~
1 error generated.
configure:12689: $? = 1
configure: failed program was:
| /* confdefs.h */
| #define PACKAGE_NAME "nfc-eventd"
| #define PACKAGE_TARNAME "nfc-eventd"
| #define PACKAGE_VERSION "0.1.7"
| #define PACKAGE_STRING "nfc-eventd 0.1.7"
| #define PACKAGE_BUGREPORT "romuald@libnfc.org"
| #define PACKAGE_URL ""
| #define SVN_REVISION ""
| #define PACKAGE "nfc-eventd"
| #define VERSION "0.1.7"
| #define _BSD_SOURCE 1
| #define STDC_HEADERS 1
| #define HAVE_SYS_TYPES_H 1
| #define HAVE_SYS_STAT_H 1
| #define HAVE_STDLIB_H 1
| #define HAVE_STRING_H 1
| #define HAVE_MEMORY_H 1
| #define HAVE_STRINGS_H 1
| #define HAVE_INTTYPES_H 1
| #define HAVE_STDINT_H 1
| #define HAVE_UNISTD_H 1
| #define HAVE_DLFCN_H 1
| #define LT_OBJDIR ".libs/"
| #define STDC_HEADERS 1
| #define HAVE__BOOL 1
| #define HAVE_STDBOOL_H 1
| #define HAVE_STDIO_H 1
| #define HAVE_STDLIB_H 1
| #define HAVE_STDINT_H 1
| #define HAVE_STDDEF_H 1
| #define HAVE_STDBOOL_H 1
| #define HAVE_MEMSET 1
| #define HAVE_STRCASECMP 1
| #define HAVE_STRCHR 1
| #define HAVE_STRDUP 1
| #define _XOPEN_SOURCE 600
| #define HAVE_STRERROR 1
| #define HAVE_STRSTR 1
| #define HAVE_STRTOL 1
| #define HAVE_SYSLOG_H 1
| /* end confdefs.h.  */
| #include <stdio.h>
| #ifdef HAVE_SYS_TYPES_H
| # include <sys/types.h>
| #endif
| #ifdef HAVE_SYS_STAT_H
| # include <sys/stat.h>
| #endif
| #ifdef STDC_HEADERS
| # include <stdlib.h>
| # include <stddef.h>
| #else
| # ifdef HAVE_STDLIB_H
| #  include <stdlib.h>
| # endif
| #endif
| #ifdef HAVE_STRING_H
| # if !defined STDC_HEADERS && defined HAVE_MEMORY_H
| #  include <memory.h>
| # endif
| # include <string.h>
| #endif
| #ifdef HAVE_STRINGS_H
| # include <strings.h>
| #endif
| #ifdef HAVE_INTTYPES_H
| # include <inttypes.h>
| #endif
| #ifdef HAVE_STDINT_H
| # include <stdint.h>
| #endif
| #ifdef HAVE_UNISTD_H
| # include <unistd.h>
| #endif
| #include <vfork.h>
configure:12689: result: no
configure:12689: checking vfork.h presence
configure:12689: gcc -E  conftest.c
conftest.c:42:10: fatal error: 'vfork.h' file not found
#include <vfork.h>
         ^~~~~~~~~
1 error generated.
configure:12689: $? = 1
configure: failed program was:
| /* confdefs.h */
| #define PACKAGE_NAME "nfc-eventd"
| #define PACKAGE_TARNAME "nfc-eventd"
| #define PACKAGE_VERSION "0.1.7"
| #define PACKAGE_STRING "nfc-eventd 0.1.7"
| #define PACKAGE_BUGREPORT "romuald@libnfc.org"
| #define PACKAGE_URL ""
| #define SVN_REVISION ""
| #define PACKAGE "nfc-eventd"
| #define VERSION "0.1.7"
| #define _BSD_SOURCE 1
| #define STDC_HEADERS 1
| #define HAVE_SYS_TYPES_H 1
| #define HAVE_SYS_STAT_H 1
| #define HAVE_STDLIB_H 1
| #define HAVE_STRING_H 1
| #define HAVE_MEMORY_H 1
| #define HAVE_STRINGS_H 1
| #define HAVE_INTTYPES_H 1
| #define HAVE_STDINT_H 1
| #define HAVE_UNISTD_H 1
| #define HAVE_DLFCN_H 1
| #define LT_OBJDIR ".libs/"
| #define STDC_HEADERS 1
| #define HAVE__BOOL 1
| #define HAVE_STDBOOL_H 1
| #define HAVE_STDIO_H 1
| #define HAVE_STDLIB_H 1
| #define HAVE_STDINT_H 1
| #define HAVE_STDDEF_H 1
| #define HAVE_STDBOOL_H 1
| #define HAVE_MEMSET 1
| #define HAVE_STRCASECMP 1
| #define HAVE_STRCHR 1
| #define HAVE_STRDUP 1
| #define _XOPEN_SOURCE 600
| #define HAVE_STRERROR 1
| #define HAVE_STRSTR 1
| #define HAVE_STRTOL 1
| #define HAVE_SYSLOG_H 1
| /* end confdefs.h.  */
| #include <vfork.h>
configure:12689: result: no
configure:12689: checking for vfork.h
configure:12689: result: no
configure:12702: checking for fork
configure:12702: gcc -o conftest -g -O2   conftest.c  >&5
configure:12702: $? = 0
configure:12702: result: yes
configure:12702: checking for vfork
configure:12702: gcc -o conftest -g -O2   conftest.c  >&5
conftest.c:66:6: warning: incompatible redeclaration of library function 'vfork' [-Wincompatible-library-redeclaration]
char vfork ();
     ^
conftest.c:66:6: note: 'vfork' is a builtin with type 'int (void)'
1 warning generated.
configure:12702: $? = 0
configure:12702: result: yes
configure:12712: checking for working fork
configure:12734: gcc -o conftest -g -O2   conftest.c  >&5
configure:12734: $? = 0
configure:12734: ./conftest
configure:12734: $? = 0
configure:12744: result: yes
configure:12765: checking for working vfork
configure:12875: result: yes
configure:12902: checking for stdlib.h
configure:12902: result: yes
configure:12912: checking for GNU libc compatible malloc
configure:12936: gcc -o conftest -g -O2   conftest.c  >&5
configure:12936: $? = 0
configure:12936: ./conftest
configure:12936: $? = 0
configure:12946: result: yes
configure:12969: checking for stdlib.h
configure:12969: result: yes
configure:12979: checking for GNU libc compatible realloc
configure:13003: gcc -o conftest -g -O2   conftest.c  >&5
configure:13003: $? = 0
configure:13003: ./conftest
configure:13003: $? = 0
configure:13013: result: yes
configure:13036: checking for vprintf
configure:13036: gcc -o conftest -g -O2   conftest.c  >&5
conftest.c:73:6: warning: incompatible redeclaration of library function 'vprintf' [-Wincompatible-library-redeclaration]
char vprintf ();
     ^
conftest.c:73:6: note: 'vprintf' is a builtin with type 'int (const char *, struct __va_list_tag *)'
1 warning generated.
configure:13036: $? = 0
configure:13036: result: yes
configure:13042: checking for _doprnt
configure:13042: gcc -o conftest -g -O2   conftest.c  >&5
Undefined symbols for architecture x86_64:
  "__doprnt", referenced from:
      _main in conftest-9e23e9.o
ld: symbol(s) not found for architecture x86_64
clang: error: linker command failed with exit code 1 (use -v to see invocation)
configure:13042: $? = 1
configure: failed program was:
| /* confdefs.h */
| #define PACKAGE_NAME "nfc-eventd"
| #define PACKAGE_TARNAME "nfc-eventd"
| #define PACKAGE_VERSION "0.1.7"
| #define PACKAGE_STRING "nfc-eventd 0.1.7"
| #define PACKAGE_BUGREPORT "romuald@libnfc.org"
| #define PACKAGE_URL ""
| #define SVN_REVISION ""
| #define PACKAGE "nfc-eventd"
| #define VERSION "0.1.7"
| #define _BSD_SOURCE 1
| #define STDC_HEADERS 1
| #define HAVE_SYS_TYPES_H 1
| #define HAVE_SYS_STAT_H 1
| #define HAVE_STDLIB_H 1
| #define HAVE_STRING_H 1
| #define HAVE_MEMORY_H 1
| #define HAVE_STRINGS_H 1
| #define HAVE_INTTYPES_H 1
| #define HAVE_STDINT_H 1
| #define HAVE_UNISTD_H 1
| #define HAVE_DLFCN_H 1
| #define LT_OBJDIR ".libs/"
| #define STDC_HEADERS 1
| #define HAVE__BOOL 1
| #define HAVE_STDBOOL_H 1
| #define HAVE_STDIO_H 1
| #define HAVE_STDLIB_H 1
| #define HAVE_STDINT_H 1
| #define HAVE_STDDEF_H 1
| #define HAVE_STDBOOL_H 1
| #define HAVE_MEMSET 1
| #define HAVE_STRCASECMP 1
| #define HAVE_STRCHR 1
| #define HAVE_STRDUP 1
| #define _XOPEN_SOURCE 600
| #define HAVE_STRERROR 1
| #define HAVE_STRSTR 1
| #define HAVE_STRTOL 1
| #define HAVE_SYSLOG_H 1
| #define HAVE_FORK 1
| #define HAVE_VFORK 1
| #define HAVE_WORKING_VFORK 1
| #define HAVE_WORKING_FORK 1
| #define HAVE_STDLIB_H 1
| #define HAVE_MALLOC 1
| #define HAVE_STDLIB_H 1
| #define HAVE_REALLOC 1
| #define HAVE_VPRINTF 1
| /* end confdefs.h.  */
| /* Define _doprnt to an innocuous variant, in case <limits.h> declares _doprnt.
|    For example, HP-UX 11i <limits.h> declares gettimeofday.  */
| #define _doprnt innocuous__doprnt
| 
| /* System header to define __stub macros and hopefully few prototypes,
|     which can conflict with char _doprnt (); below.
|     Prefer <limits.h> to <assert.h> if __STDC__ is defined, since
|     <limits.h> exists even on freestanding compilers.  */
| 
| #ifdef __STDC__
| # include <limits.h>
| #else
| # include <assert.h>
| #endif
| 
| #undef _doprnt
| 
| /* Override any GCC internal prototype to avoid an error.
|    Use char because int might match the return type of a GCC
|    builtin and then its argument prototype would still apply.  */
| #ifdef __cplusplus
| extern "C"
| #endif
| char _doprnt ();
| /* The GNU C library defines this for functions which it implements
|     to always fail with ENOSYS.  Some functions are actually named
|     something starting with __ and the normal name is an alias.  */
| #if defined __stub__doprnt || defined __stub____doprnt
| choke me
| #endif
| 
| int
| main ()
| {
| return _doprnt ();
|   ;
|   return 0;
| }
configure:13042: result: no
configure:13053: checking for sys/wait.h that is POSIX.1 compatible
configure:13079: gcc -c -g -O2  conftest.c >&5
configure:13079: $? = 0
configure:13086: result: yes
configure:13096: checking for size_t
configure:13096: gcc -c -g -O2  conftest.c >&5
configure:13096: $? = 0
configure:13096: gcc -c -g -O2  conftest.c >&5
conftest.c:88:21: error: expected expression
if (sizeof ((size_t)))
                    ^
1 error generated.
configure:13096: $? = 1
configure: failed program was:
| /* confdefs.h */
| #define PACKAGE_NAME "nfc-eventd"
| #define PACKAGE_TARNAME "nfc-eventd"
| #define PACKAGE_VERSION "0.1.7"
| #define PACKAGE_STRING "nfc-eventd 0.1.7"
| #define PACKAGE_BUGREPORT "romuald@libnfc.org"
| #define PACKAGE_URL ""
| #define SVN_REVISION ""
| #define PACKAGE "nfc-eventd"
| #define VERSION "0.1.7"
| #define _BSD_SOURCE 1
| #define STDC_HEADERS 1
| #define HAVE_SYS_TYPES_H 1
| #define HAVE_SYS_STAT_H 1
| #define HAVE_STDLIB_H 1
| #define HAVE_STRING_H 1
| #define HAVE_MEMORY_H 1
| #define HAVE_STRINGS_H 1
| #define HAVE_INTTYPES_H 1
| #define HAVE_STDINT_H 1
| #define HAVE_UNISTD_H 1
| #define HAVE_DLFCN_H 1
| #define LT_OBJDIR ".libs/"
| #define STDC_HEADERS 1
| #define HAVE__BOOL 1
| #define HAVE_STDBOOL_H 1
| #define HAVE_STDIO_H 1
| #define HAVE_STDLIB_H 1
| #define HAVE_STDINT_H 1
| #define HAVE_STDDEF_H 1
| #define HAVE_STDBOOL_H 1
| #define HAVE_MEMSET 1
| #define HAVE_STRCASECMP 1
| #define HAVE_STRCHR 1
| #define HAVE_STRDUP 1
| #define _XOPEN_SOURCE 600
| #define HAVE_STRERROR 1
| #define HAVE_STRSTR 1
| #define HAVE_STRTOL 1
| #define HAVE_SYSLOG_H 1
| #define HAVE_FORK 1
| #define HAVE_VFORK 1
| #define HAVE_WORKING_VFORK 1
| #define HAVE_WORKING_FORK 1
| #define HAVE_STDLIB_H 1
| #define HAVE_MALLOC 1
| #define HAVE_STDLIB_H 1
| #define HAVE_REALLOC 1
| #define HAVE_VPRINTF 1
| #define HAVE_SYS_WAIT_H 1
| /* end confdefs.h.  */
| #include <stdio.h>
| #ifdef HAVE_SYS_TYPES_H
| # include <sys/types.h>
| #endif
| #ifdef HAVE_SYS_STAT_H
| # include <sys/stat.h>
| #endif
| #ifdef STDC_HEADERS
| # include <stdlib.h>
| # include <stddef.h>
| #else
| # ifdef HAVE_STDLIB_H
| #  include <stdlib.h>
| # endif
| #endif
| #ifdef HAVE_STRING_H
| # if !defined STDC_HEADERS && defined HAVE_MEMORY_H
| #  include <memory.h>
| # endif
| # include <string.h>
| #endif
| #ifdef HAVE_STRINGS_H
| # include <strings.h>
| #endif
| #ifdef HAVE_INTTYPES_H
| # include <inttypes.h>
| #endif
| #ifdef HAVE_STDINT_H
| # include <stdint.h>
| #endif
| #ifdef HAVE_UNISTD_H
| # include <unistd.h>
| #endif
| int
| main ()
| {
| if (sizeof ((size_t)))
| 	    return 0;
|   ;
|   return 0;
| }
configure:13096: result: yes
configure:13107: checking for uint8_t
configure:13107: gcc -c -g -O2  conftest.c >&5
configure:13107: $? = 0
configure:13107: result: yes
configure:13121: checking for uint16_t
configure:13121: gcc -c -g -O2  conftest.c >&5
configure:13121: $? = 0
configure:13121: result: yes
configure:13133: checking for uint32_t
configure:13133: gcc -c -g -O2  conftest.c >&5
configure:13133: $? = 0
configure:13133: result: yes
configure:13147: checking for uint64_t
configure:13147: gcc -c -g -O2  conftest.c >&5
configure:13147: $? = 0
configure:13147: result: yes
configure:13161: checking for int32_t
configure:13161: gcc -c -g -O2  conftest.c >&5
configure:13161: $? = 0
configure:13161: gcc -c -g -O2  conftest.c >&5
conftest.c:89:24: error: 'test_array' declared as an array with a negative size
static int test_array [1 - 2 * !((int32_t) (((((int32_t) 1 << N) << N) - 1) * 2 + 1)
                       ^~~~~~~~~~~~~~~~~~~~~~~~~~~~~~~~~~~~~~~~~~~~~~~~~~~~~~~~~~~~~
1 error generated.
configure:13161: $? = 1
configure: failed program was:
| /* confdefs.h */
| #define PACKAGE_NAME "nfc-eventd"
| #define PACKAGE_TARNAME "nfc-eventd"
| #define PACKAGE_VERSION "0.1.7"
| #define PACKAGE_STRING "nfc-eventd 0.1.7"
| #define PACKAGE_BUGREPORT "romuald@libnfc.org"
| #define PACKAGE_URL ""
| #define SVN_REVISION ""
| #define PACKAGE "nfc-eventd"
| #define VERSION "0.1.7"
| #define _BSD_SOURCE 1
| #define STDC_HEADERS 1
| #define HAVE_SYS_TYPES_H 1
| #define HAVE_SYS_STAT_H 1
| #define HAVE_STDLIB_H 1
| #define HAVE_STRING_H 1
| #define HAVE_MEMORY_H 1
| #define HAVE_STRINGS_H 1
| #define HAVE_INTTYPES_H 1
| #define HAVE_STDINT_H 1
| #define HAVE_UNISTD_H 1
| #define HAVE_DLFCN_H 1
| #define LT_OBJDIR ".libs/"
| #define STDC_HEADERS 1
| #define HAVE__BOOL 1
| #define HAVE_STDBOOL_H 1
| #define HAVE_STDIO_H 1
| #define HAVE_STDLIB_H 1
| #define HAVE_STDINT_H 1
| #define HAVE_STDDEF_H 1
| #define HAVE_STDBOOL_H 1
| #define HAVE_MEMSET 1
| #define HAVE_STRCASECMP 1
| #define HAVE_STRCHR 1
| #define HAVE_STRDUP 1
| #define _XOPEN_SOURCE 600
| #define HAVE_STRERROR 1
| #define HAVE_STRSTR 1
| #define HAVE_STRTOL 1
| #define HAVE_SYSLOG_H 1
| #define HAVE_FORK 1
| #define HAVE_VFORK 1
| #define HAVE_WORKING_VFORK 1
| #define HAVE_WORKING_FORK 1
| #define HAVE_STDLIB_H 1
| #define HAVE_MALLOC 1
| #define HAVE_STDLIB_H 1
| #define HAVE_REALLOC 1
| #define HAVE_VPRINTF 1
| #define HAVE_SYS_WAIT_H 1
| /* end confdefs.h.  */
| #include <stdio.h>
| #ifdef HAVE_SYS_TYPES_H
| # include <sys/types.h>
| #endif
| #ifdef HAVE_SYS_STAT_H
| # include <sys/stat.h>
| #endif
| #ifdef STDC_HEADERS
| # include <stdlib.h>
| # include <stddef.h>
| #else
| # ifdef HAVE_STDLIB_H
| #  include <stdlib.h>
| # endif
| #endif
| #ifdef HAVE_STRING_H
| # if !defined STDC_HEADERS && defined HAVE_MEMORY_H
| #  include <memory.h>
| # endif
| # include <string.h>
| #endif
| #ifdef HAVE_STRINGS_H
| # include <strings.h>
| #endif
| #ifdef HAVE_INTTYPES_H
| # include <inttypes.h>
| #endif
| #ifdef HAVE_STDINT_H
| # include <stdint.h>
| #endif
| #ifdef HAVE_UNISTD_H
| # include <unistd.h>
| #endif
| 	        enum { N = 32 / 2 - 1 };
| int
| main ()
| {
| static int test_array [1 - 2 * !((int32_t) (((((int32_t) 1 << N) << N) - 1) * 2 + 1)
| 		 < (int32_t) (((((int32_t) 1 << N) << N) - 1) * 2 + 2))];
| test_array [0] = 0;
| return test_array [0];
| 
|   ;
|   return 0;
| }
configure:13161: result: yes
configure:13182: checking for debug flag
configure:13184: result: no
configure:13202: checking for dbus support
configure:13204: result: no
configure:13210: checking for pkg-config
configure:13241: result: /usr/local/bin/pkg-config
configure:13361: checking pkg-config is at least version 0.9.0
configure:13364: result: yes
configure:13374: checking for libnfc >= 1.7.0
configure:13381: $PKG_CONFIG --exists --print-errors "libnfc >= $LIBNFC_REQUIRED_VERSION"
configure:13384: $? = 0
configure:13398: $PKG_CONFIG --exists --print-errors "libnfc >= $LIBNFC_REQUIRED_VERSION"
configure:13401: $? = 0
configure:13439: result: yes
configure:13661: checking that generated files are newer than configure
configure:13667: result: done
configure:13694: creating ./config.status

## ---------------------- ##
## Running config.status. ##
## ---------------------- ##

This file was extended by nfc-eventd config.status 0.1.7, which was
generated by GNU Autoconf 2.69.  Invocation command line was

  CONFIG_FILES    = 
  CONFIG_HEADERS  = 
  CONFIG_LINKS    = 
  CONFIG_COMMANDS = 
  $ ./config.status 

on anna.pc.lf

config.status:1126: creating Makefile
config.status:1126: creating conf/Makefile
config.status:1126: creating src/Makefile
config.status:1126: creating src/nfcconf/Makefile
config.status:1126: creating src/debug/Makefile
config.status:1126: creating src/modules/Makefile
config.status:1126: creating config.h
config.status:1355: executing depfiles commands
config.status:1432: cd src       && sed -e '/# am--include-marker/d' Makefile         | make -f - am--depfiles
config.status:1437: $? = 0
config.status:1432: cd src/nfcconf       && sed -e '/# am--include-marker/d' Makefile         | make -f - am--depfiles
config.status:1437: $? = 0
config.status:1432: cd src/debug       && sed -e '/# am--include-marker/d' Makefile         | make -f - am--depfiles
config.status:1437: $? = 0
config.status:1432: cd src/modules       && sed -e '/# am--include-marker/d' Makefile         | make -f - am--depfiles
config.status:1437: $? = 0
config.status:1355: executing libtool commands

## ---------------- ##
## Cache variables. ##
## ---------------- ##

ac_cv_build=x86_64-apple-darwin18.0.0
ac_cv_c_compiler_gnu=yes
ac_cv_c_const=yes
ac_cv_c_int32_t=yes
ac_cv_c_uint16_t=yes
ac_cv_c_uint32_t=yes
ac_cv_c_uint64_t=yes
ac_cv_c_uint8_t=yes
ac_cv_env_CC_set=
ac_cv_env_CC_value=
ac_cv_env_CFLAGS_set=
ac_cv_env_CFLAGS_value=
ac_cv_env_CPPFLAGS_set=
ac_cv_env_CPPFLAGS_value=
ac_cv_env_CPP_set=
ac_cv_env_CPP_value=
ac_cv_env_DBUS_CFLAGS_set=
ac_cv_env_DBUS_CFLAGS_value=
ac_cv_env_DBUS_LIBS_set=
ac_cv_env_DBUS_LIBS_value=
ac_cv_env_LDFLAGS_set=
ac_cv_env_LDFLAGS_value=
ac_cv_env_LIBNFC_CFLAGS_set=
ac_cv_env_LIBNFC_CFLAGS_value=
ac_cv_env_LIBNFC_LIBS_set=
ac_cv_env_LIBNFC_LIBS_value=
ac_cv_env_LIBS_set=
ac_cv_env_LIBS_value=
ac_cv_env_LT_SYS_LIBRARY_PATH_set=
ac_cv_env_LT_SYS_LIBRARY_PATH_value=
ac_cv_env_PKG_CONFIG_LIBDIR_set=
ac_cv_env_PKG_CONFIG_LIBDIR_value=
ac_cv_env_PKG_CONFIG_PATH_set=
ac_cv_env_PKG_CONFIG_PATH_value=
ac_cv_env_PKG_CONFIG_set=
ac_cv_env_PKG_CONFIG_value=
ac_cv_env_build_alias_set=
ac_cv_env_build_alias_value=
ac_cv_env_host_alias_set=
ac_cv_env_host_alias_value=
ac_cv_env_target_alias_set=
ac_cv_env_target_alias_value=
ac_cv_func__doprnt=no
ac_cv_func_fork=yes
ac_cv_func_fork_works=yes
ac_cv_func_malloc_0_nonnull=yes
ac_cv_func_memset=yes
ac_cv_func_realloc_0_nonnull=yes
ac_cv_func_strcasecmp=yes
ac_cv_func_strchr=yes
ac_cv_func_strdup=yes
ac_cv_func_strerror=yes
ac_cv_func_strstr=yes
ac_cv_func_strtol=yes
ac_cv_func_vfork=yes
ac_cv_func_vfork_works=yes
ac_cv_func_vprintf=yes
ac_cv_header_dlfcn_h=yes
ac_cv_header_inttypes_h=yes
ac_cv_header_memory_h=yes
ac_cv_header_stdbool_h=yes
ac_cv_header_stdc=yes
ac_cv_header_stddef_h=yes
ac_cv_header_stdint_h=yes
ac_cv_header_stdio_h=yes
ac_cv_header_stdlib_h=yes
ac_cv_header_string_h=yes
ac_cv_header_strings_h=yes
ac_cv_header_sys_stat_h=yes
ac_cv_header_sys_types_h=yes
ac_cv_header_sys_wait_h=yes
ac_cv_header_syslog_h=yes
ac_cv_header_unistd_h=yes
ac_cv_header_vfork_h=no
ac_cv_host=x86_64-apple-darwin18.0.0
ac_cv_objext=o
ac_cv_path_EGREP='/usr/bin/grep -E'
ac_cv_path_FGREP='/usr/bin/grep -F'
ac_cv_path_GREP=/usr/bin/grep
ac_cv_path_PKG_CONFIG=/usr/local/bin/pkg-config
ac_cv_path_SED=/usr/bin/sed
ac_cv_path_install='/usr/bin/install -c'
ac_cv_path_lt_DD=/bin/dd
ac_cv_prog_AWK=awk
ac_cv_prog_CPP='gcc -E'
ac_cv_prog_ac_ct_AR=ar
ac_cv_prog_ac_ct_CC=gcc
ac_cv_prog_ac_ct_DSYMUTIL=dsymutil
ac_cv_prog_ac_ct_LIPO=lipo
ac_cv_prog_ac_ct_NMEDIT=nmedit
ac_cv_prog_ac_ct_OBJDUMP=objdump
ac_cv_prog_ac_ct_OTOOL=otool
ac_cv_prog_ac_ct_RANLIB=ranlib
ac_cv_prog_ac_ct_STRIP=strip
ac_cv_prog_cc_c89=
ac_cv_prog_cc_g=yes
ac_cv_prog_make_make_set=yes
ac_cv_type__Bool=yes
ac_cv_type_pid_t=yes
ac_cv_type_size_t=yes
am_cv_CC_dependencies_compiler_type=gcc3
am_cv_make_support_nested_variables=yes
am_cv_prog_cc_c_o=yes
lt_cv_apple_cc_single_mod=yes
lt_cv_ar_at_file=no
lt_cv_deplibs_check_method=pass_all
lt_cv_file_magic_cmd='$MAGIC_CMD'
lt_cv_file_magic_test_file=
lt_cv_ld_exported_symbols_list=yes
lt_cv_ld_force_load=yes
lt_cv_ld_reload_flag=-r
lt_cv_nm_interface='BSD nm'
lt_cv_objdir=.libs
lt_cv_path_LD=/Library/Developer/CommandLineTools/usr/bin/ld
lt_cv_path_NM='/usr/bin/nm -B'
lt_cv_path_mainfest_tool=no
lt_cv_prog_compiler_c_o=yes
lt_cv_prog_compiler_pic='-fno-common -DPIC'
lt_cv_prog_compiler_pic_works=yes
lt_cv_prog_compiler_rtti_exceptions=yes
lt_cv_prog_compiler_static_works=no
lt_cv_prog_gnu_ld=no
lt_cv_sharedlib_from_linklib_cmd='printf %s\n'
lt_cv_sys_global_symbol_pipe='sed -n -e '\''s/^.*[	 ]\([BCDEGRST][BCDEGRST]*\)[	 ][	 ]*_\([_A-Za-z][_A-Za-z0-9]*\)$/\1 _\2 \2/p'\'' | sed '\''/ __gnu_lto/d'\'''
lt_cv_sys_global_symbol_to_c_name_address='sed -n -e '\''s/^: \(.*\) .*$/  {"\1", (void *) 0},/p'\'' -e '\''s/^[BCDEGRST][BCDEGRST]* .* \(.*\)$/  {"\1", (void *) \&\1},/p'\'''
lt_cv_sys_global_symbol_to_c_name_address_lib_prefix='sed -n -e '\''s/^: \(.*\) .*$/  {"\1", (void *) 0},/p'\'' -e '\''s/^[BCDEGRST][BCDEGRST]* .* \(lib.*\)$/  {"\1", (void *) \&\1},/p'\'' -e '\''s/^[BCDEGRST][BCDEGRST]* .* \(.*\)$/  {"lib\1", (void *) \&\1},/p'\'''
lt_cv_sys_global_symbol_to_cdecl='sed -n -e '\''s/^T .* \(.*\)$/extern int \1();/p'\'' -e '\''s/^[BCDEGRST][BCDEGRST]* .* \(.*\)$/extern char \1;/p'\'''
lt_cv_sys_global_symbol_to_import=
lt_cv_sys_max_cmd_len=196608
lt_cv_to_host_file_cmd=func_convert_file_noop
lt_cv_to_tool_file_cmd=func_convert_file_noop
lt_cv_truncate_bin='/bin/dd bs=4096 count=1'
pkg_cv_LIBNFC_CFLAGS='-I/usr/local/Cellar/libnfc/1.7.1/include -I/usr/local/Cellar/libusb-compat/0.1.5_1/include -I/usr/local/Cellar/libusb/1.0.22/include/libusb-1.0'
pkg_cv_LIBNFC_LIBS='-L/usr/local/Cellar/libnfc/1.7.1/lib -L/usr/local/Cellar/libusb-compat/0.1.5_1/lib -lnfc -lusb'

## ----------------- ##
## Output variables. ##
## ----------------- ##

ACLOCAL='${SHELL} /Users/koteeq/Projects/Github/nfc-eventd/missing aclocal-1.16'
AMDEPBACKSLASH='\'
AMDEP_FALSE='#'
AMDEP_TRUE=''
AMTAR='$${TAR-tar}'
AM_BACKSLASH='\'
AM_DEFAULT_V='$(AM_DEFAULT_VERBOSITY)'
AM_DEFAULT_VERBOSITY='0'
AM_V='$(V)'
AR='ar'
AUTOCONF='${SHELL} /Users/koteeq/Projects/Github/nfc-eventd/missing autoconf'
AUTOHEADER='${SHELL} /Users/koteeq/Projects/Github/nfc-eventd/missing autoheader'
AUTOMAKE='${SHELL} /Users/koteeq/Projects/Github/nfc-eventd/missing automake-1.16'
AWK='awk'
CC='gcc'
CCDEPMODE='depmode=gcc3'
CFLAGS='-g -O2 -std=c99 -Wall -pedantic -Wextra'
CPP='gcc -E'
CPPFLAGS=''
CYGPATH_W='echo'
DBUS_CFLAGS=''
DBUS_ENABLED_FALSE=''
DBUS_ENABLED_TRUE='#'
DBUS_LIBS=''
DEBUG_CFLAGS=''
DEFS='-DHAVE_CONFIG_H'
DEPDIR='.deps'
DLLTOOL='false'
DSYMUTIL='dsymutil'
DUMPBIN=''
ECHO_C='\c'
ECHO_N=''
ECHO_T=''
EGREP='/usr/bin/grep -E'
EXEEXT=''
FGREP='/usr/bin/grep -F'
GREP='/usr/bin/grep'
INSTALL_DATA='${INSTALL} -m 644'
INSTALL_PROGRAM='${INSTALL}'
INSTALL_SCRIPT='${INSTALL}'
INSTALL_STRIP_PROGRAM='$(install_sh) -c -s'
LD='/Library/Developer/CommandLineTools/usr/bin/ld'
LDFLAGS=''
LIBNFCCONF='${top_builddir}/src/nfcconf/libnfcconf.la'
LIBNFC_CFLAGS='-I/usr/local/Cellar/libnfc/1.7.1/include -I/usr/local/Cellar/libusb-compat/0.1.5_1/include -I/usr/local/Cellar/libusb/1.0.22/include/libusb-1.0'
LIBNFC_LIBS='-L/usr/local/Cellar/libnfc/1.7.1/lib -L/usr/local/Cellar/libusb-compat/0.1.5_1/lib -lnfc -lusb'
LIBOBJS=''
LIBS=''
LIBTOOL='$(SHELL) $(top_builddir)/libtool'
LIPO='lipo'
LN_S='ln -s'
LTLIBOBJS=''
LT_SYS_LIBRARY_PATH=''
MAKEINFO='${SHELL} /Users/koteeq/Projects/Github/nfc-eventd/missing makeinfo'
MANIFEST_TOOL=':'
MKDIR_P='./install-sh -c -d'
NM='/usr/bin/nm -B'
NMEDIT='nmedit'
OBJDUMP='objdump'
OBJEXT='o'
OTOOL64=':'
OTOOL='otool'
PACKAGE='nfc-eventd'
PACKAGE_BUGREPORT='romuald@libnfc.org'
PACKAGE_NAME='nfc-eventd'
PACKAGE_STRING='nfc-eventd 0.1.7'
PACKAGE_TARNAME='nfc-eventd'
PACKAGE_URL=''
PACKAGE_VERSION='0.1.7'
PATH_SEPARATOR=':'
PKG_CONFIG='/usr/local/bin/pkg-config'
PKG_CONFIG_LIBDIR=''
PKG_CONFIG_PATH=''
RANLIB='ranlib'
SED='/usr/bin/sed'
SET_MAKE=''
SHELL='/bin/sh'
STRIP='strip'
VERSION='0.1.7'
ac_ct_AR='ar'
ac_ct_CC='gcc'
ac_ct_DUMPBIN=''
am__EXEEXT_FALSE=''
am__EXEEXT_TRUE='#'
am__fastdepCC_FALSE='#'
am__fastdepCC_TRUE=''
am__include='include'
am__isrc=''
am__leading_dot='.'
am__nodep='_no'
am__quote=''
am__tar='$${TAR-tar} chof - "$$tardir"'
am__untar='$${TAR-tar} xf -'
bindir='${exec_prefix}/bin'
build='x86_64-apple-darwin18.0.0'
build_alias=''
build_cpu='x86_64'
build_os='darwin18.0.0'
build_vendor='apple'
datadir='${datarootdir}'
datarootdir='${prefix}/share'
docdir='${datarootdir}/doc/${PACKAGE_TARNAME}'
dvidir='${docdir}'
exec_prefix='${prefix}'
host='x86_64-apple-darwin18.0.0'
host_alias=''
host_cpu='x86_64'
host_os='darwin18.0.0'
host_vendor='apple'
htmldir='${docdir}'
includedir='${prefix}/include'
infodir='${datarootdir}/info'
install_sh='${SHELL} /Users/koteeq/Projects/Github/nfc-eventd/install-sh'
libdir='${exec_prefix}/lib'
libexecdir='${exec_prefix}/libexec'
localedir='${datarootdir}/locale'
localstatedir='${prefix}/var'
mandir='${datarootdir}/man'
mkdir_p='$(MKDIR_P)'
nemdir='${pkglibdir}/modules'
oldincludedir='/usr/include'
pdfdir='${docdir}'
prefix='/usr/local'
program_transform_name='s,x,x,'
psdir='${docdir}'
sbindir='${exec_prefix}/sbin'
sharedstatedir='${prefix}/com'
sysconfdir='${prefix}/etc'
target_alias=''

## ----------- ##
## confdefs.h. ##
## ----------- ##

/* confdefs.h */
#define PACKAGE_NAME "nfc-eventd"
#define PACKAGE_TARNAME "nfc-eventd"
#define PACKAGE_VERSION "0.1.7"
#define PACKAGE_STRING "nfc-eventd 0.1.7"
#define PACKAGE_BUGREPORT "romuald@libnfc.org"
#define PACKAGE_URL ""
#define SVN_REVISION ""
#define PACKAGE "nfc-eventd"
#define VERSION "0.1.7"
#define _BSD_SOURCE 1
#define STDC_HEADERS 1
#define HAVE_SYS_TYPES_H 1
#define HAVE_SYS_STAT_H 1
#define HAVE_STDLIB_H 1
#define HAVE_STRING_H 1
#define HAVE_MEMORY_H 1
#define HAVE_STRINGS_H 1
#define HAVE_INTTYPES_H 1
#define HAVE_STDINT_H 1
#define HAVE_UNISTD_H 1
#define HAVE_DLFCN_H 1
#define LT_OBJDIR ".libs/"
#define STDC_HEADERS 1
#define HAVE__BOOL 1
#define HAVE_STDBOOL_H 1
#define HAVE_STDIO_H 1
#define HAVE_STDLIB_H 1
#define HAVE_STDINT_H 1
#define HAVE_STDDEF_H 1
#define HAVE_STDBOOL_H 1
#define HAVE_MEMSET 1
#define HAVE_STRCASECMP 1
#define HAVE_STRCHR 1
#define HAVE_STRDUP 1
#define _XOPEN_SOURCE 600
#define HAVE_STRERROR 1
#define HAVE_STRSTR 1
#define HAVE_STRTOL 1
#define HAVE_SYSLOG_H 1
#define HAVE_FORK 1
#define HAVE_VFORK 1
#define HAVE_WORKING_VFORK 1
#define HAVE_WORKING_FORK 1
#define HAVE_STDLIB_H 1
#define HAVE_MALLOC 1
#define HAVE_STDLIB_H 1
#define HAVE_REALLOC 1
#define HAVE_VPRINTF 1
#define HAVE_SYS_WAIT_H 1

configure: exit 0
